MPASM 5.87                       BONUS_1.ASM   10-7-2020  16:42:09         PAGE  1


LOC  OBJECT CODE     LINE SOURCE TEXT
  VALUE

                      00001 ;incluir librerias relacionadas con el dispositivo
                      00002 #include "p16F628a.inc"
                      00001         LIST
                      00002 
                      00003 ;==========================================================================
                      00004 ; Build date : Jan 06 2020
                      00005 ;  MPASM PIC16F628A processor include
                      00006 ; 
                      00007 ;  (c) Copyright 1999-2020 Microchip Technology, All rights reserved
                      00008 ;==========================================================================
                      00009 
                      00386         LIST
2007   3F19           00003  __CONFIG _FOSC_INTOSCCLK & _WDTE_OFF & _PWRTE_OFF & _MCLRE_OFF & _BOREN_OFF & _LVP_OFF & _CPD_OFF & _CP
                            _OFF    
                      00004 ;configuración del dispositivotodo en OFF y la frecuencia de oscilador
                      00005 ;es la del "reloj del oscilador interno" (INTOSCCLK)     
                      00006 
                      00007 RES_VECT  CODE    0x0000            ; processor reset vector
0000   2???           00008     GOTO    START                   ; go to beginning of program
                      00009 ; TODO ADD INTERRUPTS HERE IF USED
                      00010 MAIN_PROG CODE                      ; let linker place main program
                      00011 ;Variables para el contador
  00000060            00012 i equ 0x60        ;variable i en la localidad 0x30
  00000061            00013 j equ 0x61
  00000062            00014 k equ 0x62
  00000063            00015 l equ 0x63
  00000064            00016 r equ 0x64; Acumulador
                      00017 
0000                  00018 START              ;inicio global del programa
                      00019 
                      00020 
0000   3007           00021     MOVLW 0x07         ;Apagar comparadores para trabajar en modo digital
0001   009F           00022     MOVWF CMCON    
0002   1303           00023     BCF STATUS, RP1    ;Cambiar al banco 1 apagando el RP1
0003   1683           00024     BSF STATUS, RP0    ;Y encendiendo el RP0
0004   3000           00025     MOVLW b'00000000'  ;Establecer puerto B como salida (los 8 bits del puerto)
Message[302]: Register in operand not in bank 0.  Ensure that bank bits are correct.
0005   0086           00026     MOVWF TRISB 
0006   1283           00027     BCF STATUS, RP0    ;Regresar al banco 0 apagando el RP0
                      00028 
0007                  00029 INICIO
                      00030 ;Aquí va la rutina principal
                      00031     ;Nombres
0007   304B           00032     MOVLW 'K'
0008   00A0           00033     MOVWF 0x20
0009   3041           00034     MOVLW 'A'
000A   00A1           00035     MOVWF 0x21
000B   3052           00036     MOVLW 'R'
000C   00A2           00037     MOVWF 0x22
000D   3045           00038     MOVLW 'E'
000E   00A3           00039     MOVWF 0x23
000F   304E           00040     MOVLW 'N'
0010   00A4           00041     MOVWF 0x24
MPASM 5.87                       BONUS_1.ASM   10-7-2020  16:42:09         PAGE  2


LOC  OBJECT CODE     LINE SOURCE TEXT
  VALUE

                      00042     
0011   3049           00043     MOVLW 'I'
0012   00B0           00044     MOVWF 0x30
0013   3056           00045     MOVLW 'V'
0014   00B1           00046     MOVWF 0x31
0015   3045           00047     MOVLW 'E'
0016   00B2           00048     MOVWF 0x32
0017   3054           00049     MOVLW 'T'
0018   00B3           00050     MOVWF 0x33
0019   3048           00051     MOVLW 'H'
001A   00B4           00052     MOVWF 0x34
                      00053     
                      00054     ;Apellidos
001B   3050           00055     MOVLW 'P'
001C   00C0           00056     MOVWF 0x40
001D   304C           00057     MOVLW 'L'
001E   00C1           00058     MOVWF 0x41
001F   3041           00059     MOVLW 'A'
0020   00C2           00060     MOVWF 0x42
0021   3054           00061     MOVLW 'T'
0022   00C3           00062     MOVWF 0x43
0023   3041           00063     MOVLW 'A'
0024   00C4           00064     MOVWF 0x44
                      00065                         
0025   3048           00066     MOVLW 'H'
0026   00D0           00067     MOVWF 0x50
0027   3045           00068     MOVLW 'E'
0028   00D1           00069     MOVWF 0x51
0029   3052           00070     MOVLW 'R'
002A   00D2           00071     MOVWF 0x52
002B   304E           00072     MOVLW 'N'
002C   00D3           00073     MOVWF 0x53
002D   3041           00074     MOVLW 'A'
002E   00D4           00075     MOVWF 0x54
002F   304E           00076     MOVLW 'N'
0030   00D5           00077     MOVWF 0x55
0031   3044           00078     MOVLW 'D'
0032   00D6           00079     MOVWF 0x56
0033   3045           00080     MOVLW 'E'
0034   00D7           00081     MOVWF 0x57
0035   305A           00082     MOVLW 'Z'
0036   00D8           00083     MOVWF 0x58
                      00084     
0037   3005           00085     MOVLW 5; KAREN
0038   00E0           00086     MOVWF i
0039   3005           00087     MOVLW 5; IVETH
003A   00E1           00088     MOVWF j
003B   3005           00089     MOVLW 5; PLATA
003C   00E2           00090     MOVWF k
003D   3009           00091     MOVLW 9; HERNANDEZ
003E   00E3           00092     MOVWF l
                      00093     
003F   01E4           00094     CLRF r; Vaciar F
MPASM 5.87                       BONUS_1.ASM   10-7-2020  16:42:09         PAGE  3


LOC  OBJECT CODE     LINE SOURCE TEXT
  VALUE

0040   0860           00095     MOVFW i; Leer lo que hay en i
0041   07E4           00096     ADDWF r,f; Sumar lo que hay en i/guardada en w a r y guardarlo en f
0042   0861           00097     MOVFW j; Leer lo que hay en j
0043   07E4           00098     ADDWF r,f; Sumar lo que hay en j/w en r y guardarlo en f
0044   0862           00099     MOVFW k
0045   07E4           00100     ADDWF r,f
0046   0863           00101     MOVFW l
0047   07E4           00102     ADDWF r,f
0048   2???           00103     GOTO INICIO        ; loop inicio / Devuelve a inicio                
Warning[205]: Found directive in column 1. (END)
3F19                  00104 END
MPASM 5.87                       BONUS_1.ASM   10-7-2020  16:42:09         PAGE  4


SYMBOL TABLE
  LABEL                             VALUE 

ADDEN                             00000003
ADEN                              00000003
BRGH                              00000002
C                                 00000000
C1INV                             00000004
C1OUT                             00000006
C2INV                             00000005
C2OUT                             00000007
CCP1CON                           00000017
CCP1IE                            00000002
CCP1IF                            00000002
CCP1M0                            00000000
CCP1M1                            00000001
CCP1M2                            00000002
CCP1M3                            00000003
CCP1X                             00000005
CCP1Y                             00000004
CCPR1                             00000015
CCPR1H                            00000016
CCPR1L                            00000015
CIS                               00000003
CM0                               00000000
CM1                               00000001
CM2                               00000002
CMCON                             0000001F
CMIE                              00000006
CMIF                              00000006
CREN                              00000004
CSRC                              00000007
DATA_CP_OFF                       00003FFF
DATA_CP_ON                        00003EFF
DC                                00000001
EEADR                             0000009B
EECON1                            0000009C
EECON2                            0000009D
EEDATA                            0000009A
EEIE                              00000007
EEIF                              00000007
F                                 00000001
FERR                              00000002
FSR                               00000004
GIE                               00000007
INDF                              00000000
INICIO                            00000007
INTCON                            0000000B
INTE                              00000004
INTEDG                            00000006
INTF                              00000001
IRP                               00000007
NOT_BO                            00000000
NOT_BOD                           00000000
NOT_BOR                           00000000
NOT_PD                            00000003
MPASM 5.87                       BONUS_1.ASM   10-7-2020  16:42:09         PAGE  5


SYMBOL TABLE
  LABEL                             VALUE 

NOT_POR                           00000001
NOT_RBPU                          00000007
NOT_T1SYNC                        00000002
NOT_TO                            00000004
OERR                              00000001
OPTION_REG                        00000081
OSCF                              00000003
PCL                               00000002
PCLATH                            0000000A
PCON                              0000008E
PEIE                              00000006
PIE1                              0000008C
PIR1                              0000000C
PORTA                             00000005
PORTB                             00000006
PR2                               00000092
PS0                               00000000
PS1                               00000001
PS2                               00000002
PSA                               00000003
RA0                               00000000
RA1                               00000001
RA2                               00000002
RA3                               00000003
RA4                               00000004
RA5                               00000005
RA6                               00000006
RA7                               00000007
RB0                               00000000
RB1                               00000001
RB2                               00000002
RB3                               00000003
RB4                               00000004
RB5                               00000005
RB6                               00000006
RB7                               00000007
RBIE                              00000003
RBIF                              00000000
RCIE                              00000005
RCIF                              00000005
RCREG                             0000001A
RCSTA                             00000018
RD                                00000000
RP0                               00000005
RP1                               00000006
RX9                               00000006
RX9D                              00000000
SPBRG                             00000099
SPEN                              00000007
SREN                              00000005
START                             00000000
STATUS                            00000003
SYNC                              00000004
MPASM 5.87                       BONUS_1.ASM   10-7-2020  16:42:09         PAGE  6


SYMBOL TABLE
  LABEL                             VALUE 

T0CS                              00000005
T0IE                              00000005
T0IF                              00000002
T0SE                              00000004
T1CKPS0                           00000004
T1CKPS1                           00000005
T1CON                             00000010
T1OSCEN                           00000003
T2CKPS0                           00000000
T2CKPS1                           00000001
T2CON                             00000012
TMR0                              00000001
TMR0IE                            00000005
TMR0IF                            00000002
TMR1                              0000000E
TMR1CS                            00000001
TMR1H                             0000000F
TMR1IE                            00000000
TMR1IF                            00000000
TMR1L                             0000000E
TMR1ON                            00000000
TMR2                              00000011
TMR2IE                            00000001
TMR2IF                            00000001
TMR2ON                            00000002
TOUTPS0                           00000003
TOUTPS1                           00000004
TOUTPS2                           00000005
TOUTPS3                           00000006
TRISA                             00000085
TRISA0                            00000000
TRISA1                            00000001
TRISA2                            00000002
TRISA3                            00000003
TRISA4                            00000004
TRISA5                            00000005
TRISA6                            00000006
TRISA7                            00000007
TRISB                             00000086
TRISB0                            00000000
TRISB1                            00000001
TRISB2                            00000002
TRISB3                            00000003
TRISB4                            00000004
TRISB5                            00000005
TRISB6                            00000006
TRISB7                            00000007
TRMT                              00000001
TX9                               00000006
TX9D                              00000000
TXEN                              00000005
TXIE                              00000004
TXIF                              00000004
MPASM 5.87                       BONUS_1.ASM   10-7-2020  16:42:09         PAGE  7


SYMBOL TABLE
  LABEL                             VALUE 

TXREG                             00000019
TXSTA                             00000098
VR0                               00000000
VR1                               00000001
VR2                               00000002
VR3                               00000003
VRCON                             0000009F
VREN                              00000007
VROE                              00000006
VRR                               00000005
W                                 00000000
WR                                00000001
WREN                              00000002
WRERR                             00000003
Z                                 00000002
_BODEN_OFF                        00003FBF
_BODEN_ON                         00003FFF
_BOREN_OFF                        00003FBF
_BOREN_ON                         00003FFF
_CONFIG                           00002007
_CPD_OFF                          00003FFF
_CPD_ON                           00003EFF
_CP_OFF                           00003FFF
_CP_ON                            00001FFF
_DEVID1                           00002006
_ER_OSC_CLKOUT                    00003FFF
_ER_OSC_NOCLKOUT                  00003FFE
_EXTCLK_OSC                       00003FEF
_FOSC_ECIO                        00003FEF
_FOSC_EXTRCCLK                    00003FFF
_FOSC_EXTRCIO                     00003FFE
_FOSC_HS                          00003FEE
_FOSC_INTOSCCLK                   00003FFD
_FOSC_INTOSCIO                    00003FFC
_FOSC_LP                          00003FEC
_FOSC_XT                          00003FED
_HS_OSC                           00003FEE
_IDLOC0                           00002000
_IDLOC1                           00002001
_IDLOC2                           00002002
_IDLOC3                           00002003
_INTOSC_OSC_CLKOUT                00003FFD
_INTOSC_OSC_NOCLKOUT              00003FFC
_INTRC_OSC_CLKOUT                 00003FFD
_INTRC_OSC_NOCLKOUT               00003FFC
_LP_OSC                           00003FEC
_LVP_OFF                          00003F7F
_LVP_ON                           00003FFF
_MCLRE_OFF                        00003FDF
_MCLRE_ON                         00003FFF
_PWRTE_OFF                        00003FFF
_PWRTE_ON                         00003FF7
_RC_OSC_CLKOUT                    00003FFF
MPASM 5.87                       BONUS_1.ASM   10-7-2020  16:42:09         PAGE  8


SYMBOL TABLE
  LABEL                             VALUE 

_RC_OSC_NOCLKOUT                  00003FFE
_WDTE_OFF                         00003FFB
_WDTE_ON                          00003FFF
_WDT_OFF                          00003FFB
_WDT_ON                           00003FFF
_XT_OSC                           00003FED
__16F628A                         00000001
i                                 00000060
j                                 00000061
k                                 00000062
l                                 00000063
r                                 00000064

Errors   :     0
Warnings :     1 reported,     0 suppressed
Messages :     1 reported,     0 suppressed

